[2026-05-26 22:09:03] ============================================
[2026-05-26 22:09:04] Git Auto Push Started
[2026-05-26 22:09:04] Repository: C:\Users\AD\Downloads\note_git_hub
[2026-05-26 22:09:05] ============================================
[2026-05-26 22:09:08] Detected changes
[2026-05-26 22:09:11] Pushed: auto update 2026-05-26 22:09:08
[2026-05-26 22:09:11] Push result: To https://github.com/khoa85087-ops/test_git.git    e6cac27..aaeedf2  main -> main
[2026-05-26 22:09:21] Detected changes
[2026-05-26 22:09:24] Pushed: auto update 2026-05-26 22:09:21
[2026-05-26 22:09:24] Push result: To https://github.com/khoa85087-ops/test_git.git    aaeedf2..98d435f  main -> main
[2026-05-26 22:09:34] Detected changes
[2026-05-26 22:09:40] Pushed: auto update 2026-05-26 22:09:34
[2026-05-26 22:09:40] Push result: To https://github.com/khoa85087-ops/test_git.git    98d435f..860205b  main -> main
[2026-05-26 22:09:50] Detected changes
[2026-05-26 22:09:52] Pushed: auto update 2026-05-26 22:09:50
[2026-05-26 22:09:52] Push result: To https://github.com/khoa85087-ops/test_git.git    860205b..4b5146b  main -> main
[2026-05-26 22:10:02] Detected changes
[2026-05-26 22:10:05] Pushed: auto update 2026-05-26 22:10:02
[2026-05-26 22:10:05] Push result: To https://github.com/khoa85087-ops/test_git.git    4b5146b..b8a79b7  main -> main
[2026-05-26 22:10:15] Detected changes
[2026-05-26 22:10:18] Pushed: auto update 2026-05-26 22:10:15
[2026-05-26 22:10:18] Push result: To https://github.com/khoa85087-ops/test_git.git    b8a79b7..11319e3  main -> main
[2026-05-26 22:10:28] Detected changes
[2026-05-26 22:10:31] Pushed: auto update 2026-05-26 22:10:28
[2026-05-26 22:10:31] Push result: To https://github.com/khoa85087-ops/test_git.git    11319e3..b576843  main -> main
[2026-05-26 22:10:41] Detected changes
[2026-05-26 22:10:44] Pushed: auto update 2026-05-26 22:10:41
[2026-05-26 22:10:44] Push result: To https://github.com/khoa85087-ops/test_git.git    b576843..60a14a2  main -> main
[2026-05-26 22:10:54] Detected changes
[2026-05-26 22:10:57] Pushed: auto update 2026-05-26 22:10:54
[2026-05-26 22:10:57] Push result: To https://github.com/khoa85087-ops/test_git.git    60a14a2..0f44c27  main -> main
[2026-05-26 22:11:07] Detected changes
